0 info it worked if it ends with ok
1 verbose cli [ '/home/ubuntu/.nvm/versions/node/v6.11.2/bin/node',
1 verbose cli   '/home/ubuntu/.nvm/versions/node/v6.11.2/bin/npm',
1 verbose cli   'install',
1 verbose cli   '[--save]',
1 verbose cli   'mongoose-enumvalues' ]
2 info using npm@3.10.10
3 info using node@v6.11.2
4 silly loadCurrentTree Starting
5 silly install loadCurrentTree
6 silly install readLocalPackageData
7 silly fetchPackageMetaData [--save]
8 silly fetchPackageMetaData mongoose-enumvalues
9 silly fetchOtherPackageData [--save]
10 silly cache add args [ '[--save]', null ]
11 verbose cache add spec [--save]
12 silly fetchNamedPackageData mongoose-enumvalues
13 silly mapToRegistry name mongoose-enumvalues
14 silly mapToRegistry using default registry
15 silly mapToRegistry registry https://registry.npmjs.org/
16 silly mapToRegistry data Result {
16 silly mapToRegistry   raw: 'mongoose-enumvalues',
16 silly mapToRegistry   scope: null,
16 silly mapToRegistry   escapedName: 'mongoose-enumvalues',
16 silly mapToRegistry   name: 'mongoose-enumvalues',
16 silly mapToRegistry   rawSpec: '',
16 silly mapToRegistry   spec: 'latest',
16 silly mapToRegistry   type: 'tag' }
17 silly mapToRegistry uri https://registry.npmjs.org/mongoose-enumvalues
18 silly cache add parsed spec Result {
18 silly cache add   raw: '[--save]',
18 silly cache add   scope: null,
18 silly cache add   escapedName: null,
18 silly cache add   name: null,
18 silly cache add   rawSpec: '[--save]',
18 silly cache add   spec: '/home/ubuntu/workspace/EasySupply8/[--save]',
18 silly cache add   type: 'local' }
19 verbose request uri https://registry.npmjs.org/mongoose-enumvalues
20 verbose request no auth needed
21 info attempt registry request try #1 at 4:12:50 AM
22 verbose request id 113752df87c3d2cd
23 http request GET https://registry.npmjs.org/mongoose-enumvalues
24 error addLocal Could not install /home/ubuntu/workspace/EasySupply8/[--save]
25 silly fetchPackageMetaData Error: ENOENT: no such file or directory, open '/home/ubuntu/workspace/EasySupply8/[--save]'
25 silly fetchPackageMetaData     at Error (native)
25 silly fetchPackageMetaData  error for [--save] { Error: ENOENT: no such file or directory, open '/home/ubuntu/workspace/EasySupply8/[--save]'
25 silly fetchPackageMetaData     at Error (native)
25 silly fetchPackageMetaData   errno: -2,
25 silly fetchPackageMetaData   code: 'ENOENT',
25 silly fetchPackageMetaData   syscall: 'open',
25 silly fetchPackageMetaData   path: '/home/ubuntu/workspace/EasySupply8/[--save]' }
26 http 200 https://registry.npmjs.org/mongoose-enumvalues
27 verbose headers { date: 'Wed, 27 Mar 2019 04:12:50 GMT',
27 verbose headers   'content-type': 'application/json; charset=UTF-8',
27 verbose headers   'transfer-encoding': 'chunked',
27 verbose headers   connection: 'keep-alive',
27 verbose headers   'set-cookie': [ '__cfduid=d8d3a56ea361f19863aa7bc3923ddc2f91553659970; expires=Thu, 26-Mar-20 04:12:50 GMT; path=/; domain=.registry.npmjs.org; HttpOnly' ],
27 verbose headers   'cf-cache-status': 'REVALIDATED',
27 verbose headers   'cache-control': 'max-age=300',
27 verbose headers   'cf-ray': '4bde873e7e80a8bd-CDG',
27 verbose headers   etag: 'W/"f19dede628aabde7a639cce98b52915a"',
27 verbose headers   'expect-ct': 'max-age=604800, report-uri="https://report-uri.cloudflare.com/cdn-cgi/beacon/expect-ct"',
27 verbose headers   'last-modified': 'Sun, 27 May 2018 08:30:47 GMT',
27 verbose headers   vary: 'accept-encoding, accept',
27 verbose headers   server: 'cloudflare',
27 verbose headers   'content-encoding': 'gzip' }
28 silly get cb [ 200,
28 silly get   { date: 'Wed, 27 Mar 2019 04:12:50 GMT',
28 silly get     'content-type': 'application/json; charset=UTF-8',
28 silly get     'transfer-encoding': 'chunked',
28 silly get     connection: 'keep-alive',
28 silly get     'set-cookie': [ '__cfduid=d8d3a56ea361f19863aa7bc3923ddc2f91553659970; expires=Thu, 26-Mar-20 04:12:50 GMT; path=/; domain=.registry.npmjs.org; HttpOnly' ],
28 silly get     'cf-cache-status': 'REVALIDATED',
28 silly get     'cache-control': 'max-age=300',
28 silly get     'cf-ray': '4bde873e7e80a8bd-CDG',
28 silly get     etag: 'W/"f19dede628aabde7a639cce98b52915a"',
28 silly get     'expect-ct': 'max-age=604800, report-uri="https://report-uri.cloudflare.com/cdn-cgi/beacon/expect-ct"',
28 silly get     'last-modified': 'Sun, 27 May 2018 08:30:47 GMT',
28 silly get     vary: 'accept-encoding, accept',
28 silly get     server: 'cloudflare',
28 silly get     'content-encoding': 'gzip' } ]
29 verbose get saving mongoose-enumvalues to /home/ubuntu/.npm/registry.npmjs.org/mongoose-enumvalues/.cache.json
30 verbose correctMkdir /home/ubuntu/.npm correctMkdir not in flight; initializing
31 silly rollbackFailedOptional Starting
32 silly rollbackFailedOptional Finishing
33 silly runTopLevelLifecycles Finishing
34 silly install printInstalled
35 verbose stack Error: ENOENT: no such file or directory, open '/home/ubuntu/workspace/EasySupply8/[--save]'
35 verbose stack     at Error (native)
36 verbose cwd /home/ubuntu/workspace/EasySupply8
37 error Linux 4.9.120-c9
38 error argv "/home/ubuntu/.nvm/versions/node/v6.11.2/bin/node" "/home/ubuntu/.nvm/versions/node/v6.11.2/bin/npm" "install" "[--save]" "mongoose-enumvalues"
39 error node v6.11.2
40 error npm  v3.10.10
41 error path /home/ubuntu/workspace/EasySupply8/[--save]
42 error code ENOENT
43 error errno -2
44 error syscall open
45 error enoent ENOENT: no such file or directory, open '/home/ubuntu/workspace/EasySupply8/[--save]'
46 error enoent ENOENT: no such file or directory, open '/home/ubuntu/workspace/EasySupply8/[--save]'
46 error enoent This is most likely not a problem with npm itself
46 error enoent and is related to npm not being able to find a file.
47 verbose exit [ -2, true ]
